<?xml version="1.0" encoding="UTF-8"?>
<!-- Generated by org.testng.reporters.JUnitReportReporter -->
<testsuite skipped="2" hostname="DESKTOP-1C6302R" name="com.qa.Tests.RestAPI" tests="3" failures="0" timestamp="09 Feb 2019 12:29:56 GMT" time="1.187" errors="0">
  <testcase name="POSTAPIWithHeaders" time="1.187" classname="com.qa.Tests.RestAPI"/>
  <testcase name="GetAPIWithHeaders" classname="com.qa.Tests.RestAPI">
    <skipped/>
  </testcase> <!-- GetAPIWithHeaders -->
  <testcase name="GetAPIWithoutHeaders" classname="com.qa.Tests.RestAPI">
    <skipped/>
  </testcase> <!-- GetAPIWithoutHeaders -->
</testsuite> <!-- com.qa.Tests.RestAPI -->
