<?xml version="1.0" encoding="UTF-8"?>
<!-- Generated by org.testng.reporters.JUnitReportReporter -->
<testsuite skipped="0" hostname="DESKTOP-1C6302R" name="com.qa.Tests.RestAPI" tests="1" failures="0" timestamp="07 Feb 2019 13:08:09 GMT" time="1.027" errors="0">
  <testcase name="GetAPI" time="1.027" classname="com.qa.Tests.RestAPI"/>
</testsuite> <!-- com.qa.Tests.RestAPI -->
